<?xml version="1.0" ?>
<!DOCTYPE coverage SYSTEM "http://cobertura.sourceforge.net/xml/coverage-04.dtd">
<coverage lines-valid="514" lines-covered="435" line-rate="0.8462999999999999" branches-valid="190" branches-covered="142" branch-rate="0.7473000000000001" timestamp="1769743242836" complexity="0" version="0.1">
  <sources>
    <source>/Users/varsharagavendran/Desktop/aws-elasticbeanstalk-deploy</source>
  </sources>
  <packages>
    <package name="src" line-rate="0.8752" branch-rate="0.7473000000000001">
      <classes>
        <class name="aws-clients.ts" filename="src/aws-clients.ts" line-rate="0.8887999999999999" branch-rate="1">
          <methods>
            <method name="(anonymous_0)" hits="3" signature="()V">
              <lines>
                <line number="18" hits="3"/>
              </lines>
            </method>
            <method name="(anonymous_1)" hits="60" signature="()V">
              <lines>
                <line number="28" hits="60"/>
              </lines>
            </method>
            <method name="(anonymous_2)" hits="0" signature="()V">
              <lines>
                <line number="38" hits="0"/>
              </lines>
            </method>
            <method name="(anonymous_3)" hits="42" signature="()V">
              <lines>
                <line number="42" hits="42"/>
              </lines>
            </method>
            <method name="(anonymous_4)" hits="47" signature="()V">
              <lines>
                <line number="46" hits="47"/>
              </lines>
            </method>
            <method name="(anonymous_5)" hits="8" signature="()V">
              <lines>
                <line number="50" hits="8"/>
              </lines>
            </method>
            <method name="(anonymous_6)" hits="0" signature="()V">
              <lines>
                <line number="54" hits="0"/>
              </lines>
            </method>
          </methods>
          <lines>
            <line number="1" hits="3" branch="false"/>
            <line number="2" hits="3" branch="false"/>
            <line number="3" hits="3" branch="false"/>
            <line number="4" hits="3" branch="false"/>
            <line number="10" hits="3" branch="false"/>
            <line number="11" hits="3" branch="false"/>
            <line number="19" hits="3" branch="false"/>
            <line number="20" hits="3" branch="false"/>
            <line number="21" hits="3" branch="false"/>
            <line number="22" hits="3" branch="false"/>
            <line number="29" hits="60" branch="true" condition-coverage="100% (1/1)"/>
            <line number="30" hits="3" branch="false"/>
            <line number="32" hits="60" branch="false"/>
            <line number="39" hits="0" branch="false"/>
            <line number="43" hits="42" branch="false"/>
            <line number="47" hits="47" branch="false"/>
            <line number="51" hits="8" branch="false"/>
            <line number="55" hits="0" branch="false"/>
          </lines>
        </class>
        <class name="aws-operations.ts" filename="src/aws-operations.ts" line-rate="0.9671" branch-rate="0.7959">
          <methods>
            <method name="retryWithBackoff" hits="38" signature="()V">
              <lines>
                <line number="58" hits="38"/>
              </lines>
            </method>
            <method name="(anonymous_7)" hits="12" signature="()V">
              <lines>
                <line number="75" hits="12"/>
              </lines>
            </method>
            <method name="getAwsAccountId" hits="6" signature="()V">
              <lines>
                <line number="88" hits="6"/>
              </lines>
            </method>
            <method name="(anonymous_9)" hits="8" signature="()V">
              <lines>
                <line number="94" hits="8"/>
              </lines>
            </method>
            <method name="applicationVersionExists" hits="5" signature="()V">
              <lines>
                <line number="108" hits="5"/>
              </lines>
            </method>
            <method name="getVersionS3Location" hits="5" signature="()V">
              <lines>
                <line number="130" hits="5"/>
              </lines>
            </method>
            <method name="environmentExists" hits="8" signature="()V">
              <lines>
                <line number="167" hits="8"/>
              </lines>
            </method>
            <method name="verifyBucketOwnership" hits="14" signature="()V">
              <lines>
                <line number="201" hits="14"/>
              </lines>
            </method>
            <method name="(anonymous_14)" hits="14" signature="()V">
              <lines>
                <line number="214" hits="14"/>
              </lines>
            </method>
            <method name="(anonymous_15)" hits="14" signature="()V">
              <lines>
                <line number="218" hits="14"/>
              </lines>
            </method>
            <method name="uploadToS3" hits="12" signature="()V">
              <lines>
                <line number="230" hits="12"/>
              </lines>
            </method>
            <method name="(anonymous_17)" hits="13" signature="()V">
              <lines>
                <line number="269" hits="13"/>
              </lines>
            </method>
            <method name="createS3Bucket" hits="10" signature="()V">
              <lines>
                <line number="291" hits="10"/>
              </lines>
            </method>
            <method name="(anonymous_19)" hits="10" signature="()V">
              <lines>
                <line number="310" hits="10"/>
              </lines>
            </method>
            <method name="createApplicationVersion" hits="6" signature="()V">
              <lines>
                <line number="337" hits="6"/>
              </lines>
            </method>
            <method name="(anonymous_21)" hits="7" signature="()V">
              <lines>
                <line number="350" hits="7"/>
              </lines>
            </method>
            <method name="updateEnvironment" hits="5" signature="()V">
              <lines>
                <line number="375" hits="5"/>
              </lines>
            </method>
            <method name="(anonymous_23)" hits="4" signature="()V">
              <lines>
                <line number="405" hits="4"/>
              </lines>
            </method>
            <method name="createEnvironment" hits="3" signature="()V">
              <lines>
                <line number="435" hits="3"/>
              </lines>
            </method>
            <method name="(anonymous_25)" hits="3" signature="()V">
              <lines>
                <line number="474" hits="3"/>
              </lines>
            </method>
            <method name="getEnvironmentInfo" hits="5" signature="()V">
              <lines>
                <line number="507" hits="5"/>
              </lines>
            </method>
          </methods>
          <lines>
            <line number="1" hits="3" branch="false"/>
            <line number="2" hits="3" branch="false"/>
            <line number="9" hits="3" branch="false"/>
            <line number="10" hits="3" branch="false"/>
            <line number="11" hits="3" branch="false"/>
            <line number="12" hits="3" branch="false"/>
            <line number="14" hits="3" branch="false"/>
            <line number="20" hits="3" branch="false"/>
            <line number="26" hits="3" branch="false"/>
            <line number="58" hits="3" branch="false"/>
            <line number="66" hits="38" branch="false"/>
            <line number="67" hits="50" branch="false"/>
            <line number="68" hits="50" branch="false"/>
            <line number="70" hits="19" branch="false"/>
            <line number="72" hits="19" branch="true" condition-coverage="100% (1/1)"/>
            <line number="73" hits="12" branch="false"/>
            <line number="74" hits="12" branch="false"/>
            <line number="75" hits="12" branch="false"/>
            <line number="80" hits="7" branch="false"/>
            <line number="81" hits="7" branch="false"/>
            <line number="82" hits="7" branch="false"/>
            <line number="88" hits="3" branch="false"/>
            <line number="93" hits="6" branch="false"/>
            <line number="95" hits="8" branch="false"/>
            <line number="96" hits="8" branch="false"/>
            <line number="97" hits="5" branch="false"/>
            <line number="108" hits="3" branch="false"/>
            <line number="113" hits="5" branch="false"/>
            <line number="114" hits="5" branch="false"/>
            <line number="119" hits="5" branch="false"/>
            <line number="120" hits="4" branch="true" condition-coverage="100% (2/2)"/>
            <line number="122" hits="1" branch="false"/>
            <line number="123" hits="1" branch="false"/>
            <line number="130" hits="3" branch="false"/>
            <line number="135" hits="5" branch="false"/>
            <line number="136" hits="5" branch="false"/>
            <line number="141" hits="5" branch="false"/>
            <line number="143" hits="5" branch="true" condition-coverage="100% (3/3)"/>
            <line number="144" hits="1" branch="false"/>
            <line number="147" hits="4" branch="false"/>
            <line number="148" hits="4" branch="false"/>
            <line number="149" hits="4" branch="false"/>
            <line number="151" hits="4" branch="true" condition-coverage="100% (3/3)"/>
            <line number="152" hits="2" branch="false"/>
            <line number="158" hits="2" branch="false"/>
            <line number="160" hits="3" branch="false"/>
            <line number="167" hits="3" branch="false"/>
            <line number="172" hits="8" branch="false"/>
            <line number="173" hits="8" branch="false"/>
            <line number="178" hits="8" branch="false"/>
            <line number="180" hits="7" branch="true" condition-coverage="100% (3/3)"/>
            <line number="181" hits="4" branch="false"/>
            <line number="182" hits="4" branch="false"/>
            <line number="183" hits="4" branch="false"/>
            <line number="184" hits="4" branch="false"/>
            <line number="186" hits="4" branch="false"/>
            <line number="187" hits="4" branch="false"/>
            <line number="190" hits="3" branch="false"/>
            <line number="191" hits="3" branch="false"/>
            <line number="193" hits="1" branch="false"/>
            <line number="194" hits="1" branch="false"/>
            <line number="201" hits="3" branch="false"/>
            <line number="206" hits="14" branch="false"/>
            <line number="211" hits="14" branch="false"/>
            <line number="214" hits="14" branch="false"/>
            <line number="215" hits="14" branch="false"/>
            <line number="218" hits="14" branch="false"/>
            <line number="219" hits="14" branch="true" condition-coverage="100% (2/2)"/>
            <line number="222" hits="14" branch="true" condition-coverage="0% (0/1)"/>
            <line number="223" hits="0" branch="false"/>
            <line number="230" hits="3" branch="false"/>
            <line number="242" hits="12" branch="true" condition-coverage="100% (2/2)"/>
            <line number="243" hits="12" branch="false"/>
            <line number="244" hits="12" branch="false"/>
            <line number="247" hits="12" branch="false"/>
            <line number="248" hits="12" branch="false"/>
            <line number="249" hits="12" branch="false"/>
            <line number="251" hits="12" branch="true" condition-coverage="100% (1/1)"/>
            <line number="252" hits="2" branch="false"/>
            <line number="253" hits="2" branch="false"/>
            <line number="259" hits="10" branch="true" condition-coverage="100% (2/2)"/>
            <line number="260" hits="3" branch="false"/>
            <line number="262" hits="7" branch="false"/>
            <line number="265" hits="10" branch="false"/>
            <line number="266" hits="10" branch="false"/>
            <line number="268" hits="10" branch="false"/>
            <line number="270" hits="13" branch="false"/>
            <line number="271" hits="13" branch="false"/>
            <line number="277" hits="13" branch="false"/>
            <line number="284" hits="8" branch="false"/>
            <line number="285" hits="8" branch="false"/>
            <line number="291" hits="3" branch="false"/>
            <line number="299" hits="10" branch="false"/>
            <line number="301" hits="10" branch="false"/>
            <line number="302" hits="10" branch="false"/>
            <line number="303" hits="10" branch="false"/>
            <line number="304" hits="4" branch="false"/>
            <line number="305" hits="4" branch="false"/>
            <line number="307" hits="6" branch="false"/>
            <line number="309" hits="6" branch="false"/>
            <line number="311" hits="10" branch="true" condition-coverage="100% (2/2)"/>
            <line number="320" hits="10" branch="false"/>
            <line number="327" hits="3" branch="false"/>
            <line number="331" hits="7" branch="false"/>
            <line number="337" hits="3" branch="false"/>
            <line number="347" hits="6" branch="false"/>
            <line number="349" hits="6" branch="false"/>
            <line number="351" hits="7" branch="false"/>
            <line number="362" hits="7" branch="false"/>
            <line number="369" hits="6" branch="false"/>
            <line number="375" hits="3" branch="false"/>
            <line number="386" hits="5" branch="false"/>
            <line number="392" hits="5" branch="false"/>
            <line number="393" hits="5" branch="true" condition-coverage="100% (1/1)"/>
            <line number="394" hits="4" branch="false"/>
            <line number="395" hits="4" branch="false"/>
            <line number="396" hits="3" branch="true" condition-coverage="100% (1/1)"/>
            <line number="397" hits="3" branch="false"/>
            <line number="400" hits="1" branch="false"/>
            <line number="404" hits="4" branch="false"/>
            <line number="406" hits="4" branch="false"/>
            <line number="414" hits="4" branch="true" condition-coverage="50% (1/2)"/>
            <line number="415" hits="4" branch="false"/>
            <line number="416" hits="0" branch="true" condition-coverage="0% (0/1)"/>
            <line number="417" hits="0" branch="false"/>
            <line number="420" hits="4" branch="false"/>
            <line number="422" hits="4" branch="false"/>
            <line number="429" hits="4" branch="false"/>
            <line number="435" hits="3" branch="false"/>
            <line number="448" hits="3" branch="false"/>
            <line number="452" hits="3" branch="false"/>
            <line number="465" hits="3" branch="false"/>
            <line number="466" hits="3" branch="true" condition-coverage="100% (1/1)"/>
            <line number="467" hits="2" branch="false"/>
            <line number="468" hits="2" branch="true" condition-coverage="100% (1/1)"/>
            <line number="469" hits="2" branch="false"/>
            <line number="473" hits="3" branch="false"/>
            <line number="475" hits="3" branch="false"/>
            <line number="484" hits="3" branch="true" condition-coverage="50% (1/2)"/>
            <line number="485" hits="3" branch="false"/>
            <line number="486" hits="0" branch="true" condition-coverage="0% (0/1)"/>
            <line number="487" hits="0" branch="false"/>
            <line number="490" hits="3" branch="false"/>
            <line number="492" hits="3" branch="false"/>
            <line number="499" hits="3" branch="false"/>
            <line number="507" hits="3" branch="false"/>
            <line number="512" hits="5" branch="false"/>
            <line number="517" hits="5" branch="false"/>
            <line number="519" hits="5" branch="true" condition-coverage="100% (3/3)"/>
            <line number="520" hits="1" branch="false"/>
            <line number="523" hits="4" branch="false"/>
            <line number="525" hits="4" branch="false"/>
          </lines>
        </class>
        <class name="deploymentpackage.ts" filename="src/deploymentpackage.ts" line-rate="1" branch-rate="1">
          <methods>
            <method name="createDeploymentPackage" hits="6" signature="()V">
              <lines>
                <line number="12" hits="6"/>
              </lines>
            </method>
            <method name="(anonymous_8)" hits="6" signature="()V">
              <lines>
                <line number="28" hits="6"/>
              </lines>
            </method>
            <method name="(anonymous_9)" hits="6" signature="()V">
              <lines>
                <line number="29" hits="6"/>
              </lines>
            </method>
            <method name="createZipFile" hits="5" signature="()V">
              <lines>
                <line number="41" hits="5"/>
              </lines>
            </method>
            <method name="(anonymous_11)" hits="5" signature="()V">
              <lines>
                <line number="42" hits="5"/>
              </lines>
            </method>
            <method name="(anonymous_12)" hits="5" signature="()V">
              <lines>
                <line number="46" hits="5"/>
              </lines>
            </method>
          </methods>
          <lines>
            <line number="1" hits="1" branch="false"/>
            <line number="2" hits="1" branch="false"/>
            <line number="3" hits="1" branch="false"/>
            <line number="12" hits="1" branch="false"/>
            <line number="19" hits="6" branch="true" condition-coverage="100% (4/4)"/>
            <line number="20" hits="1" branch="false"/>
            <line number="21" hits="1" branch="false"/>
            <line number="23" hits="5" branch="false"/>
            <line number="24" hits="5" branch="false"/>
            <line number="26" hits="5" branch="false"/>
            <line number="28" hits="6" branch="false"/>
            <line number="29" hits="6" branch="false"/>
            <line number="31" hits="5" branch="false"/>
            <line number="32" hits="5" branch="false"/>
            <line number="35" hits="6" branch="false"/>
            <line number="42" hits="5" branch="false"/>
            <line number="43" hits="5" branch="false"/>
            <line number="44" hits="5" branch="false"/>
            <line number="46" hits="5" branch="false"/>
            <line number="47" hits="5" branch="false"/>
            <line number="49" hits="5" branch="false"/>
            <line number="50" hits="5" branch="false"/>
            <line number="51" hits="5" branch="false"/>
          </lines>
        </class>
        <class name="main.ts" filename="src/main.ts" line-rate="0.9204000000000001" branch-rate="0.7272">
          <methods>
            <method name="run" hits="6" signature="()V">
              <lines>
                <line number="18" hits="6"/>
              </lines>
            </method>
          </methods>
          <lines>
            <line number="1" hits="1" branch="false"/>
            <line number="2" hits="1" branch="false"/>
            <line number="3" hits="1" branch="false"/>
            <line number="4" hits="1" branch="false"/>
            <line number="5" hits="1" branch="false"/>
            <line number="16" hits="1" branch="false"/>
            <line number="18" hits="1" branch="false"/>
            <line number="19" hits="6" branch="false"/>
            <line number="21" hits="6" branch="false"/>
            <line number="22" hits="6" branch="false"/>
            <line number="24" hits="6" branch="false"/>
            <line number="25" hits="6" branch="true" condition-coverage="100% (1/1)"/>
            <line number="26" hits="1" branch="false"/>
            <line number="36" hits="5" branch="false"/>
            <line number="38" hits="5" branch="false"/>
            <line number="39" hits="5" branch="false"/>
            <line number="40" hits="5" branch="false"/>
            <line number="41" hits="5" branch="false"/>
            <line number="42" hits="5" branch="false"/>
            <line number="43" hits="5" branch="false"/>
            <line number="46" hits="5" branch="false"/>
            <line number="48" hits="5" branch="false"/>
            <line number="49" hits="5" branch="false"/>
            <line number="50" hits="4" branch="false"/>
            <line number="51" hits="4" branch="false"/>
            <line number="53" hits="4" branch="false"/>
            <line number="54" hits="4" branch="false"/>
            <line number="59" hits="4" branch="false"/>
            <line number="64" hits="4" branch="true" condition-coverage="100% (2/2)"/>
            <line number="66" hits="4" branch="true" condition-coverage="100% (2/2)"/>
            <line number="67" hits="3" branch="false"/>
            <line number="68" hits="3" branch="false"/>
            <line number="80" hits="3" branch="false"/>
            <line number="81" hits="3" branch="false"/>
            <line number="82" hits="3" branch="false"/>
            <line number="84" hits="3" branch="false"/>
            <line number="85" hits="3" branch="false"/>
            <line number="95" hits="3" branch="false"/>
            <line number="97" hits="1" branch="false"/>
            <line number="98" hits="1" branch="false"/>
            <line number="99" hits="1" branch="false"/>
            <line number="100" hits="1" branch="false"/>
            <line number="101" hits="1" branch="false"/>
            <line number="102" hits="1" branch="false"/>
            <line number="105" hits="4" branch="false"/>
            <line number="106" hits="4" branch="false"/>
            <line number="111" hits="4" branch="false"/>
            <line number="115" hits="4" branch="true" condition-coverage="100% (2/2)"/>
            <line number="116" hits="2" branch="false"/>
            <line number="117" hits="2" branch="false"/>
            <line number="128" hits="2" branch="false"/>
            <line number="129" hits="2" branch="false"/>
            <line number="131" hits="2" branch="true" condition-coverage="100% (1/1)"/>
            <line number="132" hits="1" branch="false"/>
            <line number="135" hits="1" branch="false"/>
            <line number="136" hits="1" branch="false"/>
            <line number="149" hits="1" branch="false"/>
            <line number="150" hits="1" branch="false"/>
            <line number="153" hits="3" branch="true" condition-coverage="0% (0/1)"/>
            <line number="154" hits="0" branch="false"/>
            <line number="155" hits="0" branch="false"/>
            <line number="156" hits="0" branch="false"/>
            <line number="158" hits="3" branch="true" condition-coverage="0% (0/1)"/>
            <line number="159" hits="0" branch="false"/>
            <line number="160" hits="0" branch="false"/>
            <line number="161" hits="0" branch="false"/>
            <line number="164" hits="3" branch="false"/>
            <line number="166" hits="3" branch="false"/>
            <line number="167" hits="3" branch="false"/>
            <line number="168" hits="3" branch="false"/>
            <line number="169" hits="3" branch="false"/>
            <line number="170" hits="3" branch="false"/>
            <line number="171" hits="3" branch="false"/>
            <line number="173" hits="3" branch="false"/>
            <line number="175" hits="3" branch="false"/>
            <line number="176" hits="3" branch="false"/>
            <line number="177" hits="3" branch="false"/>
            <line number="178" hits="3" branch="false"/>
            <line number="179" hits="3" branch="false"/>
            <line number="180" hits="3" branch="false"/>
            <line number="181" hits="3" branch="false"/>
            <line number="182" hits="3" branch="false"/>
            <line number="184" hits="3" branch="false"/>
            <line number="187" hits="2" branch="false"/>
            <line number="188" hits="2" branch="false"/>
            <line number="189" hits="2" branch="false"/>
            <line number="193" hits="1" branch="true" condition-coverage="0% (0/1)"/>
            <line number="194" hits="0" branch="false"/>
          </lines>
        </class>
        <class name="monitoring.ts" filename="src/monitoring.ts" line-rate="0.5974" branch-rate="0.41859999999999997">
          <methods>
            <method name="describeRecentEvents" hits="2" signature="()V">
              <lines>
                <line number="13" hits="2"/>
              </lines>
            </method>
            <method name="(anonymous_7)" hits="0" signature="()V">
              <lines>
                <line number="35" hits="0"/>
              </lines>
            </method>
            <method name="waitForDeploymentCompletion" hits="1" signature="()V">
              <lines>
                <line number="71" hits="1"/>
              </lines>
            </method>
            <method name="(anonymous_9)" hits="0" signature="()V">
              <lines>
                <line number="126" hits="0"/>
              </lines>
            </method>
            <method name="waitForHealthRecovery" hits="4" signature="()V">
              <lines>
                <line number="137" hits="4"/>
              </lines>
            </method>
            <method name="(anonymous_11)" hits="1" signature="()V">
              <lines>
                <line number="200" hits="1"/>
              </lines>
            </method>
          </methods>
          <lines>
            <line number="1" hits="1" branch="false"/>
            <line number="2" hits="1" branch="false"/>
            <line number="18" hits="2" branch="false"/>
            <line number="19" hits="2" branch="false"/>
            <line number="21" hits="2" branch="false"/>
            <line number="27" hits="0" branch="false"/>
            <line number="29" hits="0" branch="true" condition-coverage="0% (0/4)"/>
            <line number="30" hits="0" branch="false"/>
            <line number="33" hits="0" branch="false"/>
            <line number="35" hits="0" branch="false"/>
            <line number="36" hits="0" branch="true" condition-coverage="0% (0/2)"/>
            <line number="37" hits="0" branch="true" condition-coverage="0% (0/2)"/>
            <line number="38" hits="0" branch="true" condition-coverage="0% (0/2)"/>
            <line number="40" hits="0" branch="true" condition-coverage="0% (0/4)"/>
            <line number="41" hits="0" branch="false"/>
            <line number="42" hits="0" branch="false"/>
            <line number="43" hits="0" branch="true" condition-coverage="0% (0/2)"/>
            <line number="44" hits="0" branch="false"/>
            <line number="46" hits="0" branch="false"/>
            <line number="51" hits="0" branch="true" condition-coverage="0% (0/1)"/>
            <line number="52" hits="0" branch="true" condition-coverage="0% (0/2)"/>
            <line number="53" hits="0" branch="false"/>
            <line number="56" hits="0" branch="false"/>
            <line number="59" hits="0" branch="false"/>
            <line number="63" hits="2" branch="false"/>
            <line number="64" hits="2" branch="false"/>
            <line number="71" hits="1" branch="false"/>
            <line number="78" hits="1" branch="false"/>
            <line number="80" hits="1" branch="false"/>
            <line number="81" hits="1" branch="false"/>
            <line number="85" hits="1" branch="true" condition-coverage="50% (1/2)"/>
            <line number="87" hits="1" branch="false"/>
            <line number="88" hits="1" branch="false"/>
            <line number="93" hits="1" branch="false"/>
            <line number="95" hits="1" branch="true" condition-coverage="100% (3/3)"/>
            <line number="96" hits="1" branch="false"/>
            <line number="97" hits="1" branch="false"/>
            <line number="99" hits="1" branch="true" condition-coverage="100% (1/1)"/>
            <line number="100" hits="1" branch="false"/>
            <line number="101" hits="1" branch="false"/>
            <line number="106" hits="0" branch="false"/>
            <line number="112" hits="0" branch="true" condition-coverage="0% (0/1)"/>
            <line number="113" hits="0" branch="false"/>
            <line number="119" hits="0" branch="true" condition-coverage="0% (0/1)"/>
            <line number="120" hits="0" branch="false"/>
            <line number="121" hits="0" branch="false"/>
            <line number="126" hits="0" branch="false"/>
            <line number="130" hits="0" branch="false"/>
            <line number="131" hits="0" branch="false"/>
            <line number="137" hits="1" branch="false"/>
            <line number="143" hits="4" branch="false"/>
            <line number="145" hits="4" branch="false"/>
            <line number="146" hits="4" branch="false"/>
            <line number="150" hits="4" branch="false"/>
            <line number="151" hits="4" branch="false"/>
            <line number="156" hits="4" branch="false"/>
            <line number="158" hits="4" branch="true" condition-coverage="100% (3/3)"/>
            <line number="159" hits="4" branch="false"/>
            <line number="160" hits="4" branch="false"/>
            <line number="161" hits="4" branch="false"/>
            <line number="166" hits="4" branch="true" condition-coverage="66.66666666666666% (2/3)"/>
            <line number="167" hits="0" branch="false"/>
            <line number="173" hits="0" branch="true" condition-coverage="0% (0/1)"/>
            <line number="174" hits="0" branch="false"/>
            <line number="180" hits="4" branch="true" condition-coverage="100% (3/3)"/>
            <line number="181" hits="2" branch="false"/>
            <line number="182" hits="2" branch="false"/>
            <line number="185" hits="2" branch="true" condition-coverage="100% (3/3)"/>
            <line number="187" hits="1" branch="false"/>
            <line number="188" hits="1" branch="false"/>
            <line number="192" hits="1" branch="true" condition-coverage="66.66666666666666% (2/3)"/>
            <line number="193" hits="1" branch="false"/>
            <line number="194" hits="1" branch="false"/>
            <line number="195" hits="1" branch="false"/>
            <line number="200" hits="1" branch="false"/>
            <line number="204" hits="1" branch="false"/>
            <line number="205" hits="1" branch="false"/>
          </lines>
        </class>
        <class name="validations.ts" filename="src/validations.ts" line-rate="0.8776" branch-rate="0.878">
          <methods>
            <method name="parseIamRolesFromOptionSettings" hits="26" signature="()V">
              <lines>
                <line number="32" hits="26"/>
              </lines>
            </method>
            <method name="validateRequiredInputs" hits="37" signature="()V">
              <lines>
                <line number="76" hits="37"/>
              </lines>
            </method>
            <method name="validateNumericInputs" hits="22" signature="()V">
              <lines>
                <line number="162" hits="22"/>
              </lines>
            </method>
            <method name="getAdditionalInputs" hits="19" signature="()V">
              <lines>
                <line number="224" hits="19"/>
              </lines>
            </method>
            <method name="checkInputConflicts" hits="19" signature="()V">
              <lines>
                <line number="258" hits="19"/>
              </lines>
            </method>
            <method name="validateAllInputs" hits="37" signature="()V">
              <lines>
                <line number="309" hits="37"/>
              </lines>
            </method>
            <method name="parseJsonInput" hits="9" signature="()V">
              <lines>
                <line number="355" hits="9"/>
              </lines>
            </method>
          </methods>
          <lines>
            <line number="1" hits="5" branch="false"/>
            <line number="34" hits="26" branch="false"/>
            <line number="35" hits="26" branch="false"/>
            <line number="37" hits="2" branch="false"/>
            <line number="40" hits="24" branch="true" condition-coverage="0% (0/1)"/>
            <line number="41" hits="0" branch="false"/>
            <line number="44" hits="24" branch="false"/>
            <line number="45" hits="24" branch="false"/>
            <line number="47" hits="24" branch="false"/>
            <line number="48" hits="46" branch="true" condition-coverage="75% (3/4)"/>
            <line number="49" hits="0" branch="false"/>
            <line number="53" hits="46" branch="true" condition-coverage="100% (3/3)"/>
            <line number="55" hits="23" branch="false"/>
            <line number="59" hits="46" branch="true" condition-coverage="100% (3/3)"/>
            <line number="61" hits="23" branch="false"/>
            <line number="65" hits="24" branch="true" condition-coverage="100% (1/1)"/>
            <line number="66" hits="1" branch="false"/>
            <line number="69" hits="23" branch="true" condition-coverage="100% (1/1)"/>
            <line number="70" hits="1" branch="false"/>
            <line number="73" hits="22" branch="false"/>
            <line number="77" hits="37" branch="false"/>
            <line number="78" hits="37" branch="false"/>
            <line number="79" hits="37" branch="false"/>
            <line number="80" hits="37" branch="true" condition-coverage="100% (2/2)"/>
            <line number="81" hits="37" branch="true" condition-coverage="100% (2/2)"/>
            <line number="82" hits="37" branch="false"/>
            <line number="85" hits="37" branch="true" condition-coverage="100% (3/3)"/>
            <line number="86" hits="3" branch="false"/>
            <line number="87" hits="3" branch="false"/>
            <line number="90" hits="34" branch="true" condition-coverage="100% (3/3)"/>
            <line number="91" hits="1" branch="false"/>
            <line number="92" hits="1" branch="false"/>
            <line number="96" hits="33" branch="false"/>
            <line number="97" hits="33" branch="true" condition-coverage="100% (1/1)"/>
            <line number="98" hits="1" branch="false"/>
            <line number="99" hits="1" branch="false"/>
            <line number="103" hits="32" branch="true" condition-coverage="100% (1/1)"/>
            <line number="104" hits="6" branch="false"/>
            <line number="105" hits="6" branch="true" condition-coverage="100% (1/1)"/>
            <line number="106" hits="2" branch="false"/>
            <line number="107" hits="2" branch="false"/>
            <line number="111" hits="4" branch="false"/>
            <line number="112" hits="4" branch="true" condition-coverage="100% (1/1)"/>
            <line number="113" hits="4" branch="false"/>
            <line number="114" hits="4" branch="true" condition-coverage="100% (1/1)"/>
            <line number="115" hits="1" branch="false"/>
            <line number="116" hits="1" branch="false"/>
            <line number="122" hits="29" branch="true" condition-coverage="100% (3/3)"/>
            <line number="123" hits="1" branch="false"/>
            <line number="124" hits="1" branch="false"/>
            <line number="128" hits="28" branch="true" condition-coverage="100% (3/3)"/>
            <line number="129" hits="1" branch="false"/>
            <line number="130" hits="1" branch="false"/>
            <line number="134" hits="27" branch="false"/>
            <line number="135" hits="27" branch="true" condition-coverage="100% (1/1)"/>
            <line number="136" hits="1" branch="false"/>
            <line number="137" hits="1" branch="false"/>
            <line number="142" hits="26" branch="false"/>
            <line number="143" hits="26" branch="false"/>
            <line number="145" hits="4" branch="false"/>
            <line number="146" hits="4" branch="false"/>
            <line number="149" hits="22" branch="false"/>
            <line number="163" hits="22" branch="true" condition-coverage="100% (2/2)"/>
            <line number="164" hits="22" branch="true" condition-coverage="100% (2/2)"/>
            <line number="165" hits="22" branch="true" condition-coverage="100% (2/2)"/>
            <line number="167" hits="22" branch="false"/>
            <line number="168" hits="22" branch="false"/>
            <line number="169" hits="22" branch="false"/>
            <line number="171" hits="22" branch="true" condition-coverage="100% (1/1)"/>
            <line number="172" hits="1" branch="false"/>
            <line number="173" hits="1" branch="false"/>
            <line number="176" hits="21" branch="true" condition-coverage="0% (0/1)"/>
            <line number="177" hits="0" branch="false"/>
            <line number="178" hits="0" branch="false"/>
            <line number="181" hits="21" branch="true" condition-coverage="0% (0/1)"/>
            <line number="182" hits="0" branch="false"/>
            <line number="183" hits="0" branch="false"/>
            <line number="186" hits="21" branch="true" condition-coverage="100% (1/1)"/>
            <line number="187" hits="1" branch="false"/>
            <line number="188" hits="1" branch="false"/>
            <line number="191" hits="20" branch="true" condition-coverage="0% (0/1)"/>
            <line number="192" hits="0" branch="false"/>
            <line number="193" hits="0" branch="false"/>
            <line number="196" hits="20" branch="true" condition-coverage="0% (0/1)"/>
            <line number="197" hits="0" branch="false"/>
            <line number="198" hits="0" branch="false"/>
            <line number="201" hits="20" branch="true" condition-coverage="100% (1/1)"/>
            <line number="202" hits="1" branch="false"/>
            <line number="203" hits="1" branch="false"/>
            <line number="206" hits="19" branch="true" condition-coverage="0% (0/1)"/>
            <line number="207" hits="0" branch="false"/>
            <line number="208" hits="0" branch="false"/>
            <line number="211" hits="19" branch="true" condition-coverage="0% (0/1)"/>
            <line number="212" hits="0" branch="false"/>
            <line number="213" hits="0" branch="false"/>
            <line number="216" hits="19" branch="false"/>
            <line number="225" hits="19" branch="true" condition-coverage="100% (3/3)"/>
            <line number="226" hits="19" branch="false"/>
            <line number="227" hits="19" branch="true" condition-coverage="100% (2/2)"/>
            <line number="228" hits="19" branch="true" condition-coverage="100% (2/2)"/>
            <line number="231" hits="19" branch="true" condition-coverage="66.66666666666666% (2/3)"/>
            <line number="232" hits="0" branch="false"/>
            <line number="233" hits="0" branch="false"/>
            <line number="236" hits="19" branch="false"/>
            <line number="237" hits="19" branch="false"/>
            <line number="238" hits="19" branch="false"/>
            <line number="239" hits="19" branch="false"/>
            <line number="240" hits="19" branch="false"/>
            <line number="241" hits="19" branch="false"/>
            <line number="243" hits="19" branch="false"/>
            <line number="260" hits="19" branch="true" condition-coverage="100% (5/5)"/>
            <line number="262" hits="1" branch="false"/>
            <line number="269" hits="19" branch="true" condition-coverage="100% (5/5)"/>
            <line number="271" hits="1" branch="false"/>
            <line number="278" hits="19" branch="true" condition-coverage="100% (3/3)"/>
            <line number="279" hits="1" branch="false"/>
            <line number="286" hits="19" branch="true" condition-coverage="100% (4/4)"/>
            <line number="287" hits="1" branch="false"/>
            <line number="294" hits="19" branch="true" condition-coverage="100% (1/1)"/>
            <line number="295" hits="1" branch="false"/>
            <line number="301" hits="19" branch="true" condition-coverage="100% (1/1)"/>
            <line number="302" hits="8" branch="false"/>
            <line number="309" hits="5" branch="false"/>
            <line number="310" hits="37" branch="false"/>
            <line number="311" hits="37" branch="true" condition-coverage="100% (1/1)"/>
            <line number="312" hits="15" branch="false"/>
            <line number="315" hits="22" branch="false"/>
            <line number="316" hits="22" branch="true" condition-coverage="100% (1/1)"/>
            <line number="317" hits="3" branch="false"/>
            <line number="320" hits="19" branch="false"/>
            <line number="321" hits="19" branch="true" condition-coverage="0% (0/1)"/>
            <line number="322" hits="0" branch="false"/>
            <line number="325" hits="19" branch="false"/>
            <line number="350" hits="19" branch="false"/>
            <line number="352" hits="19" branch="false"/>
            <line number="355" hits="5" branch="false"/>
            <line number="356" hits="9" branch="false"/>
            <line number="357" hits="9" branch="false"/>
            <line number="359" hits="2" branch="false"/>
          </lines>
        </class>
      </classes>
    </package>
    <package name="src.__tests__" line-rate="0" branch-rate="1">
      <classes>
        <class name="setup.ts" filename="src/__tests__/setup.ts" line-rate="0" branch-rate="1">
          <methods>
            <method name="(anonymous_0)" hits="0" signature="()V">
              <lines>
                <line number="4" hits="0"/>
              </lines>
            </method>
            <method name="(anonymous_1)" hits="0" signature="()V">
              <lines>
                <line number="33" hits="0"/>
              </lines>
            </method>
            <method name="(anonymous_2)" hits="0" signature="()V">
              <lines>
                <line number="40" hits="0"/>
              </lines>
            </method>
          </methods>
          <lines>
            <line number="4" hits="0" branch="false"/>
            <line number="23" hits="0" branch="false"/>
            <line number="24" hits="0" branch="false"/>
            <line number="25" hits="0" branch="false"/>
            <line number="26" hits="0" branch="false"/>
            <line number="29" hits="0" branch="false"/>
            <line number="32" hits="0" branch="false"/>
            <line number="33" hits="0" branch="false"/>
            <line number="34" hits="0" branch="false"/>
            <line number="35" hits="0" branch="false"/>
            <line number="36" hits="0" branch="false"/>
            <line number="37" hits="0" branch="false"/>
            <line number="40" hits="0" branch="false"/>
            <line number="41" hits="0" branch="false"/>
            <line number="42" hits="0" branch="false"/>
            <line number="43" hits="0" branch="false"/>
            <line number="44" hits="0" branch="false"/>
          </lines>
        </class>
      </classes>
    </package>
  </packages>
</coverage>
