<?xml version="1.0" ?>
<!DOCTYPE coverage SYSTEM "http://cobertura.sourceforge.net/xml/coverage-04.dtd">
<coverage lines-valid="481" lines-covered="420" line-rate="0.8731" branches-valid="163" branches-covered="125" branch-rate="0.7668" timestamp="1769628998698" complexity="0" version="0.1">
  <sources>
    <source>/Volumes/workplace/EBDeployGithubAction/src/EBDeployGithubAction</source>
  </sources>
  <packages>
    <package name="src" line-rate="0.9051" branch-rate="0.7668">
      <classes>
        <class name="aws-clients.ts" filename="src/aws-clients.ts" line-rate="0.9444" branch-rate="1">
          <methods>
            <method name="(anonymous_0)" hits="3" signature="()V">
              <lines>
                <line number="18" hits="3"/>
              </lines>
            </method>
            <method name="(anonymous_1)" hits="59" signature="()V">
              <lines>
                <line number="28" hits="59"/>
              </lines>
            </method>
            <method name="(anonymous_2)" hits="0" signature="()V">
              <lines>
                <line number="38" hits="0"/>
              </lines>
            </method>
            <method name="(anonymous_3)" hits="42" signature="()V">
              <lines>
                <line number="42" hits="42"/>
              </lines>
            </method>
            <method name="(anonymous_4)" hits="31" signature="()V">
              <lines>
                <line number="46" hits="31"/>
              </lines>
            </method>
            <method name="(anonymous_5)" hits="8" signature="()V">
              <lines>
                <line number="50" hits="8"/>
              </lines>
            </method>
            <method name="(anonymous_6)" hits="11" signature="()V">
              <lines>
                <line number="54" hits="11"/>
              </lines>
            </method>
          </methods>
          <lines>
            <line number="1" hits="3" branch="false"/>
            <line number="2" hits="3" branch="false"/>
            <line number="3" hits="3" branch="false"/>
            <line number="4" hits="3" branch="false"/>
            <line number="10" hits="3" branch="false"/>
            <line number="11" hits="3" branch="false"/>
            <line number="19" hits="3" branch="false"/>
            <line number="20" hits="3" branch="false"/>
            <line number="21" hits="3" branch="false"/>
            <line number="22" hits="3" branch="false"/>
            <line number="29" hits="59" branch="true" condition-coverage="100% (1/1)"/>
            <line number="30" hits="3" branch="false"/>
            <line number="32" hits="59" branch="false"/>
            <line number="39" hits="0" branch="false"/>
            <line number="43" hits="42" branch="false"/>
            <line number="47" hits="31" branch="false"/>
            <line number="51" hits="8" branch="false"/>
            <line number="55" hits="11" branch="false"/>
          </lines>
        </class>
        <class name="aws-operations.ts" filename="src/aws-operations.ts" line-rate="0.9732999999999999" branch-rate="0.7857">
          <methods>
            <method name="retryWithBackoff" hits="36" signature="()V">
              <lines>
                <line number="53" hits="36"/>
              </lines>
            </method>
            <method name="(anonymous_7)" hits="12" signature="()V">
              <lines>
                <line number="70" hits="12"/>
              </lines>
            </method>
            <method name="getAwsAccountId" hits="6" signature="()V">
              <lines>
                <line number="83" hits="6"/>
              </lines>
            </method>
            <method name="(anonymous_9)" hits="8" signature="()V">
              <lines>
                <line number="89" hits="8"/>
              </lines>
            </method>
            <method name="applicationVersionExists" hits="5" signature="()V">
              <lines>
                <line number="103" hits="5"/>
              </lines>
            </method>
            <method name="getVersionS3Location" hits="5" signature="()V">
              <lines>
                <line number="125" hits="5"/>
              </lines>
            </method>
            <method name="environmentExists" hits="8" signature="()V">
              <lines>
                <line number="164" hits="8"/>
              </lines>
            </method>
            <method name="uploadToS3" hits="8" signature="()V">
              <lines>
                <line number="198" hits="8"/>
              </lines>
            </method>
            <method name="(anonymous_14)" hits="11" signature="()V">
              <lines>
                <line number="224" hits="11"/>
              </lines>
            </method>
            <method name="createS3Bucket" hits="10" signature="()V">
              <lines>
                <line number="246" hits="10"/>
              </lines>
            </method>
            <method name="(anonymous_16)" hits="10" signature="()V">
              <lines>
                <line number="261" hits="10"/>
              </lines>
            </method>
            <method name="createApplicationVersion" hits="6" signature="()V">
              <lines>
                <line number="285" hits="6"/>
              </lines>
            </method>
            <method name="(anonymous_18)" hits="7" signature="()V">
              <lines>
                <line number="298" hits="7"/>
              </lines>
            </method>
            <method name="updateEnvironment" hits="5" signature="()V">
              <lines>
                <line number="323" hits="5"/>
              </lines>
            </method>
            <method name="(anonymous_20)" hits="4" signature="()V">
              <lines>
                <line number="353" hits="4"/>
              </lines>
            </method>
            <method name="createEnvironment" hits="3" signature="()V">
              <lines>
                <line number="383" hits="3"/>
              </lines>
            </method>
            <method name="(anonymous_22)" hits="3" signature="()V">
              <lines>
                <line number="422" hits="3"/>
              </lines>
            </method>
            <method name="verifyIamRoles" hits="6" signature="()V">
              <lines>
                <line number="453" hits="6"/>
              </lines>
            </method>
            <method name="getEnvironmentInfo" hits="5" signature="()V">
              <lines>
                <line number="484" hits="5"/>
              </lines>
            </method>
          </methods>
          <lines>
            <line number="1" hits="3" branch="false"/>
            <line number="2" hits="3" branch="false"/>
            <line number="9" hits="3" branch="false"/>
            <line number="10" hits="3" branch="false"/>
            <line number="11" hits="3" branch="false"/>
            <line number="12" hits="3" branch="false"/>
            <line number="13" hits="3" branch="false"/>
            <line number="15" hits="3" branch="false"/>
            <line number="21" hits="3" branch="false"/>
            <line number="53" hits="3" branch="false"/>
            <line number="61" hits="36" branch="false"/>
            <line number="62" hits="48" branch="false"/>
            <line number="63" hits="48" branch="false"/>
            <line number="65" hits="19" branch="false"/>
            <line number="67" hits="19" branch="true" condition-coverage="100% (1/1)"/>
            <line number="68" hits="12" branch="false"/>
            <line number="69" hits="12" branch="false"/>
            <line number="70" hits="12" branch="false"/>
            <line number="75" hits="7" branch="false"/>
            <line number="76" hits="7" branch="false"/>
            <line number="77" hits="7" branch="false"/>
            <line number="83" hits="3" branch="false"/>
            <line number="88" hits="6" branch="false"/>
            <line number="90" hits="8" branch="false"/>
            <line number="91" hits="8" branch="false"/>
            <line number="92" hits="5" branch="false"/>
            <line number="103" hits="3" branch="false"/>
            <line number="108" hits="5" branch="false"/>
            <line number="109" hits="5" branch="false"/>
            <line number="114" hits="5" branch="false"/>
            <line number="115" hits="4" branch="true" condition-coverage="100% (2/2)"/>
            <line number="117" hits="1" branch="false"/>
            <line number="118" hits="1" branch="false"/>
            <line number="125" hits="3" branch="false"/>
            <line number="130" hits="5" branch="false"/>
            <line number="131" hits="5" branch="false"/>
            <line number="136" hits="5" branch="false"/>
            <line number="138" hits="5" branch="true" condition-coverage="100% (3/3)"/>
            <line number="139" hits="1" branch="false"/>
            <line number="142" hits="4" branch="false"/>
            <line number="143" hits="4" branch="false"/>
            <line number="144" hits="4" branch="false"/>
            <line number="146" hits="4" branch="true" condition-coverage="100% (3/3)"/>
            <line number="147" hits="2" branch="true" condition-coverage="50% (1/2)"/>
            <line number="148" hits="2" branch="true" condition-coverage="100% (2/2)"/>
            <line number="149" hits="2" branch="false"/>
            <line number="155" hits="2" branch="false"/>
            <line number="157" hits="3" branch="false"/>
            <line number="164" hits="3" branch="false"/>
            <line number="169" hits="8" branch="false"/>
            <line number="170" hits="8" branch="false"/>
            <line number="175" hits="8" branch="false"/>
            <line number="177" hits="7" branch="true" condition-coverage="100% (3/3)"/>
            <line number="178" hits="4" branch="false"/>
            <line number="179" hits="4" branch="false"/>
            <line number="180" hits="4" branch="false"/>
            <line number="181" hits="4" branch="false"/>
            <line number="183" hits="4" branch="false"/>
            <line number="184" hits="4" branch="false"/>
            <line number="187" hits="3" branch="false"/>
            <line number="188" hits="3" branch="false"/>
            <line number="190" hits="1" branch="false"/>
            <line number="191" hits="1" branch="false"/>
            <line number="198" hits="3" branch="false"/>
            <line number="209" hits="8" branch="false"/>
            <line number="210" hits="8" branch="false"/>
            <line number="211" hits="8" branch="false"/>
            <line number="213" hits="8" branch="true" condition-coverage="100% (1/1)"/>
            <line number="214" hits="3" branch="false"/>
            <line number="217" hits="8" branch="false"/>
            <line number="218" hits="8" branch="false"/>
            <line number="220" hits="8" branch="false"/>
            <line number="221" hits="8" branch="false"/>
            <line number="223" hits="8" branch="false"/>
            <line number="225" hits="11" branch="false"/>
            <line number="226" hits="11" branch="false"/>
            <line number="232" hits="11" branch="false"/>
            <line number="239" hits="6" branch="false"/>
            <line number="240" hits="6" branch="false"/>
            <line number="246" hits="3" branch="false"/>
            <line number="253" hits="10" branch="false"/>
            <line number="254" hits="10" branch="false"/>
            <line number="255" hits="10" branch="false"/>
            <line number="256" hits="4" branch="false"/>
            <line number="258" hits="6" branch="false"/>
            <line number="260" hits="6" branch="false"/>
            <line number="262" hits="10" branch="true" condition-coverage="100% (2/2)"/>
            <line number="271" hits="10" branch="false"/>
            <line number="278" hits="3" branch="false"/>
            <line number="285" hits="3" branch="false"/>
            <line number="295" hits="6" branch="false"/>
            <line number="297" hits="6" branch="false"/>
            <line number="299" hits="7" branch="false"/>
            <line number="310" hits="7" branch="false"/>
            <line number="317" hits="6" branch="false"/>
            <line number="323" hits="3" branch="false"/>
            <line number="334" hits="5" branch="false"/>
            <line number="340" hits="5" branch="false"/>
            <line number="341" hits="5" branch="true" condition-coverage="100% (1/1)"/>
            <line number="342" hits="4" branch="false"/>
            <line number="343" hits="4" branch="false"/>
            <line number="344" hits="3" branch="true" condition-coverage="100% (1/1)"/>
            <line number="345" hits="3" branch="false"/>
            <line number="348" hits="1" branch="false"/>
            <line number="352" hits="4" branch="false"/>
            <line number="354" hits="4" branch="false"/>
            <line number="362" hits="4" branch="true" condition-coverage="50% (1/2)"/>
            <line number="363" hits="4" branch="false"/>
            <line number="364" hits="0" branch="true" condition-coverage="0% (0/1)"/>
            <line number="365" hits="0" branch="false"/>
            <line number="368" hits="4" branch="false"/>
            <line number="370" hits="4" branch="false"/>
            <line number="377" hits="4" branch="false"/>
            <line number="383" hits="3" branch="false"/>
            <line number="396" hits="3" branch="false"/>
            <line number="398" hits="3" branch="false"/>
            <line number="400" hits="3" branch="false"/>
            <line number="413" hits="3" branch="false"/>
            <line number="414" hits="3" branch="true" condition-coverage="100% (1/1)"/>
            <line number="415" hits="2" branch="false"/>
            <line number="416" hits="2" branch="true" condition-coverage="100% (1/1)"/>
            <line number="417" hits="2" branch="false"/>
            <line number="421" hits="3" branch="false"/>
            <line number="423" hits="3" branch="false"/>
            <line number="432" hits="3" branch="true" condition-coverage="50% (1/2)"/>
            <line number="433" hits="3" branch="false"/>
            <line number="434" hits="0" branch="true" condition-coverage="0% (0/1)"/>
            <line number="435" hits="0" branch="false"/>
            <line number="438" hits="3" branch="false"/>
            <line number="440" hits="3" branch="false"/>
            <line number="447" hits="3" branch="false"/>
            <line number="453" hits="3" branch="false"/>
            <line number="458" hits="6" branch="false"/>
            <line number="460" hits="6" branch="false"/>
            <line number="461" hits="6" branch="false"/>
            <line number="464" hits="6" branch="false"/>
            <line number="465" hits="5" branch="false"/>
            <line number="467" hits="1" branch="false"/>
            <line number="470" hits="5" branch="false"/>
            <line number="471" hits="5" branch="false"/>
            <line number="474" hits="5" branch="false"/>
            <line number="475" hits="4" branch="false"/>
            <line number="477" hits="1" branch="false"/>
            <line number="484" hits="3" branch="false"/>
            <line number="489" hits="5" branch="false"/>
            <line number="494" hits="5" branch="false"/>
            <line number="496" hits="5" branch="true" condition-coverage="100% (3/3)"/>
            <line number="497" hits="1" branch="false"/>
            <line number="500" hits="4" branch="false"/>
            <line number="502" hits="4" branch="false"/>
          </lines>
        </class>
        <class name="deploymentpackage.ts" filename="src/deploymentpackage.ts" line-rate="1" branch-rate="1">
          <methods>
            <method name="createDeploymentPackage" hits="6" signature="()V">
              <lines>
                <line number="12" hits="6"/>
              </lines>
            </method>
            <method name="(anonymous_8)" hits="6" signature="()V">
              <lines>
                <line number="28" hits="6"/>
              </lines>
            </method>
            <method name="(anonymous_9)" hits="6" signature="()V">
              <lines>
                <line number="29" hits="6"/>
              </lines>
            </method>
            <method name="createZipFile" hits="5" signature="()V">
              <lines>
                <line number="41" hits="5"/>
              </lines>
            </method>
            <method name="(anonymous_11)" hits="5" signature="()V">
              <lines>
                <line number="42" hits="5"/>
              </lines>
            </method>
            <method name="(anonymous_12)" hits="5" signature="()V">
              <lines>
                <line number="46" hits="5"/>
              </lines>
            </method>
          </methods>
          <lines>
            <line number="1" hits="1" branch="false"/>
            <line number="2" hits="1" branch="false"/>
            <line number="3" hits="1" branch="false"/>
            <line number="12" hits="1" branch="false"/>
            <line number="19" hits="6" branch="true" condition-coverage="100% (4/4)"/>
            <line number="20" hits="1" branch="false"/>
            <line number="21" hits="1" branch="false"/>
            <line number="23" hits="5" branch="false"/>
            <line number="24" hits="5" branch="false"/>
            <line number="26" hits="5" branch="false"/>
            <line number="28" hits="6" branch="false"/>
            <line number="29" hits="6" branch="false"/>
            <line number="31" hits="5" branch="false"/>
            <line number="32" hits="5" branch="false"/>
            <line number="35" hits="6" branch="false"/>
            <line number="42" hits="5" branch="false"/>
            <line number="43" hits="5" branch="false"/>
            <line number="44" hits="5" branch="false"/>
            <line number="46" hits="5" branch="false"/>
            <line number="47" hits="5" branch="false"/>
            <line number="49" hits="5" branch="false"/>
            <line number="50" hits="5" branch="false"/>
            <line number="51" hits="5" branch="false"/>
          </lines>
        </class>
        <class name="main.ts" filename="src/main.ts" line-rate="0.9204000000000001" branch-rate="0.7272">
          <methods>
            <method name="run" hits="6" signature="()V">
              <lines>
                <line number="18" hits="6"/>
              </lines>
            </method>
          </methods>
          <lines>
            <line number="1" hits="1" branch="false"/>
            <line number="2" hits="1" branch="false"/>
            <line number="3" hits="1" branch="false"/>
            <line number="4" hits="1" branch="false"/>
            <line number="5" hits="1" branch="false"/>
            <line number="16" hits="1" branch="false"/>
            <line number="18" hits="1" branch="false"/>
            <line number="19" hits="6" branch="false"/>
            <line number="21" hits="6" branch="false"/>
            <line number="22" hits="6" branch="false"/>
            <line number="24" hits="6" branch="false"/>
            <line number="25" hits="6" branch="true" condition-coverage="100% (1/1)"/>
            <line number="26" hits="1" branch="false"/>
            <line number="36" hits="5" branch="false"/>
            <line number="38" hits="5" branch="false"/>
            <line number="39" hits="5" branch="false"/>
            <line number="40" hits="5" branch="false"/>
            <line number="41" hits="5" branch="false"/>
            <line number="42" hits="5" branch="false"/>
            <line number="43" hits="5" branch="false"/>
            <line number="46" hits="5" branch="false"/>
            <line number="48" hits="5" branch="false"/>
            <line number="49" hits="5" branch="false"/>
            <line number="50" hits="4" branch="false"/>
            <line number="51" hits="4" branch="false"/>
            <line number="53" hits="4" branch="false"/>
            <line number="54" hits="4" branch="false"/>
            <line number="59" hits="4" branch="false"/>
            <line number="64" hits="4" branch="true" condition-coverage="100% (2/2)"/>
            <line number="66" hits="4" branch="true" condition-coverage="100% (2/2)"/>
            <line number="67" hits="3" branch="false"/>
            <line number="68" hits="3" branch="false"/>
            <line number="79" hits="3" branch="false"/>
            <line number="80" hits="3" branch="false"/>
            <line number="81" hits="3" branch="false"/>
            <line number="83" hits="3" branch="false"/>
            <line number="84" hits="3" branch="false"/>
            <line number="94" hits="3" branch="false"/>
            <line number="96" hits="1" branch="false"/>
            <line number="97" hits="1" branch="false"/>
            <line number="98" hits="1" branch="false"/>
            <line number="99" hits="1" branch="false"/>
            <line number="100" hits="1" branch="false"/>
            <line number="101" hits="1" branch="false"/>
            <line number="104" hits="4" branch="false"/>
            <line number="105" hits="4" branch="false"/>
            <line number="110" hits="4" branch="false"/>
            <line number="114" hits="4" branch="true" condition-coverage="100% (2/2)"/>
            <line number="115" hits="2" branch="false"/>
            <line number="116" hits="2" branch="false"/>
            <line number="127" hits="2" branch="false"/>
            <line number="128" hits="2" branch="false"/>
            <line number="130" hits="2" branch="true" condition-coverage="100% (1/1)"/>
            <line number="131" hits="1" branch="false"/>
            <line number="134" hits="1" branch="false"/>
            <line number="135" hits="1" branch="false"/>
            <line number="148" hits="1" branch="false"/>
            <line number="149" hits="1" branch="false"/>
            <line number="152" hits="3" branch="true" condition-coverage="0% (0/1)"/>
            <line number="153" hits="0" branch="false"/>
            <line number="154" hits="0" branch="false"/>
            <line number="155" hits="0" branch="false"/>
            <line number="157" hits="3" branch="true" condition-coverage="0% (0/1)"/>
            <line number="158" hits="0" branch="false"/>
            <line number="159" hits="0" branch="false"/>
            <line number="160" hits="0" branch="false"/>
            <line number="163" hits="3" branch="false"/>
            <line number="165" hits="3" branch="false"/>
            <line number="166" hits="3" branch="false"/>
            <line number="167" hits="3" branch="false"/>
            <line number="168" hits="3" branch="false"/>
            <line number="169" hits="3" branch="false"/>
            <line number="170" hits="3" branch="false"/>
            <line number="172" hits="3" branch="false"/>
            <line number="174" hits="3" branch="false"/>
            <line number="175" hits="3" branch="false"/>
            <line number="176" hits="3" branch="false"/>
            <line number="177" hits="3" branch="false"/>
            <line number="178" hits="3" branch="false"/>
            <line number="179" hits="3" branch="false"/>
            <line number="180" hits="3" branch="false"/>
            <line number="181" hits="3" branch="false"/>
            <line number="183" hits="3" branch="false"/>
            <line number="186" hits="2" branch="false"/>
            <line number="187" hits="2" branch="false"/>
            <line number="188" hits="2" branch="false"/>
            <line number="192" hits="1" branch="true" condition-coverage="0% (0/1)"/>
            <line number="193" hits="0" branch="false"/>
          </lines>
        </class>
        <class name="monitoring.ts" filename="src/monitoring.ts" line-rate="0.6808" branch-rate="0.36">
          <methods>
            <method name="describeRecentEvents" hits="2" signature="()V">
              <lines>
                <line number="12" hits="2"/>
              </lines>
            </method>
            <method name="(anonymous_7)" hits="0" signature="()V">
              <lines>
                <line number="30" hits="0"/>
              </lines>
            </method>
            <method name="waitForDeploymentCompletion" hits="1" signature="()V">
              <lines>
                <line number="54" hits="1"/>
              </lines>
            </method>
            <method name="waitForHealthRecovery" hits="4" signature="()V">
              <lines>
                <line number="87" hits="4"/>
              </lines>
            </method>
            <method name="(anonymous_10)" hits="1" signature="()V">
              <lines>
                <line number="126" hits="1"/>
              </lines>
            </method>
          </methods>
          <lines>
            <line number="1" hits="1" branch="false"/>
            <line number="2" hits="1" branch="false"/>
            <line number="17" hits="2" branch="false"/>
            <line number="18" hits="2" branch="false"/>
            <line number="20" hits="2" branch="false"/>
            <line number="26" hits="0" branch="false"/>
            <line number="28" hits="0" branch="true" condition-coverage="0% (0/4)"/>
            <line number="29" hits="0" branch="false"/>
            <line number="30" hits="0" branch="false"/>
            <line number="31" hits="0" branch="true" condition-coverage="0% (0/2)"/>
            <line number="32" hits="0" branch="true" condition-coverage="0% (0/2)"/>
            <line number="33" hits="0" branch="true" condition-coverage="0% (0/2)"/>
            <line number="35" hits="0" branch="true" condition-coverage="0% (0/4)"/>
            <line number="36" hits="0" branch="false"/>
            <line number="37" hits="0" branch="true" condition-coverage="0% (0/2)"/>
            <line number="38" hits="0" branch="false"/>
            <line number="40" hits="0" branch="false"/>
            <line number="44" hits="0" branch="false"/>
            <line number="47" hits="2" branch="false"/>
            <line number="54" hits="1" branch="false"/>
            <line number="60" hits="1" branch="false"/>
            <line number="62" hits="1" branch="false"/>
            <line number="63" hits="1" branch="false"/>
            <line number="76" hits="1" branch="false"/>
            <line number="79" hits="0" branch="false"/>
            <line number="80" hits="0" branch="false"/>
            <line number="87" hits="1" branch="false"/>
            <line number="93" hits="4" branch="false"/>
            <line number="95" hits="4" branch="false"/>
            <line number="96" hits="4" branch="false"/>
            <line number="98" hits="4" branch="false"/>
            <line number="99" hits="4" branch="false"/>
            <line number="104" hits="4" branch="false"/>
            <line number="106" hits="4" branch="true" condition-coverage="100% (3/3)"/>
            <line number="107" hits="4" branch="false"/>
            <line number="108" hits="4" branch="false"/>
            <line number="109" hits="4" branch="false"/>
            <line number="111" hits="4" branch="true" condition-coverage="100% (3/3)"/>
            <line number="112" hits="2" branch="false"/>
            <line number="113" hits="2" branch="false"/>
            <line number="116" hits="2" branch="true" condition-coverage="100% (3/3)"/>
            <line number="118" hits="1" branch="false"/>
            <line number="119" hits="1" branch="false"/>
            <line number="122" hits="1" branch="false"/>
            <line number="126" hits="1" branch="false"/>
            <line number="130" hits="1" branch="false"/>
            <line number="131" hits="1" branch="false"/>
          </lines>
        </class>
        <class name="validations.ts" filename="src/validations.ts" line-rate="0.8768" branch-rate="0.875">
          <methods>
            <method name="parseIamRolesFromOptionSettings" hits="26" signature="()V">
              <lines>
                <line number="31" hits="26"/>
              </lines>
            </method>
            <method name="validateRequiredInputs" hits="37" signature="()V">
              <lines>
                <line number="75" hits="37"/>
              </lines>
            </method>
            <method name="validateNumericInputs" hits="22" signature="()V">
              <lines>
                <line number="161" hits="22"/>
              </lines>
            </method>
            <method name="getAdditionalInputs" hits="19" signature="()V">
              <lines>
                <line number="223" hits="19"/>
              </lines>
            </method>
            <method name="checkInputConflicts" hits="19" signature="()V">
              <lines>
                <line number="255" hits="19"/>
              </lines>
            </method>
            <method name="validateAllInputs" hits="37" signature="()V">
              <lines>
                <line number="306" hits="37"/>
              </lines>
            </method>
            <method name="parseJsonInput" hits="9" signature="()V">
              <lines>
                <line number="351" hits="9"/>
              </lines>
            </method>
          </methods>
          <lines>
            <line number="1" hits="5" branch="false"/>
            <line number="33" hits="26" branch="false"/>
            <line number="34" hits="26" branch="false"/>
            <line number="36" hits="2" branch="false"/>
            <line number="39" hits="24" branch="true" condition-coverage="0% (0/1)"/>
            <line number="40" hits="0" branch="false"/>
            <line number="43" hits="24" branch="false"/>
            <line number="44" hits="24" branch="false"/>
            <line number="46" hits="24" branch="false"/>
            <line number="47" hits="46" branch="true" condition-coverage="75% (3/4)"/>
            <line number="48" hits="0" branch="false"/>
            <line number="52" hits="46" branch="true" condition-coverage="100% (3/3)"/>
            <line number="54" hits="23" branch="false"/>
            <line number="58" hits="46" branch="true" condition-coverage="100% (3/3)"/>
            <line number="60" hits="23" branch="false"/>
            <line number="64" hits="24" branch="true" condition-coverage="100% (1/1)"/>
            <line number="65" hits="1" branch="false"/>
            <line number="68" hits="23" branch="true" condition-coverage="100% (1/1)"/>
            <line number="69" hits="1" branch="false"/>
            <line number="72" hits="22" branch="false"/>
            <line number="76" hits="37" branch="false"/>
            <line number="77" hits="37" branch="false"/>
            <line number="78" hits="37" branch="false"/>
            <line number="79" hits="37" branch="true" condition-coverage="100% (2/2)"/>
            <line number="80" hits="37" branch="true" condition-coverage="100% (2/2)"/>
            <line number="81" hits="37" branch="false"/>
            <line number="84" hits="37" branch="true" condition-coverage="100% (3/3)"/>
            <line number="85" hits="3" branch="false"/>
            <line number="86" hits="3" branch="false"/>
            <line number="89" hits="34" branch="true" condition-coverage="100% (3/3)"/>
            <line number="90" hits="1" branch="false"/>
            <line number="91" hits="1" branch="false"/>
            <line number="95" hits="33" branch="false"/>
            <line number="96" hits="33" branch="true" condition-coverage="100% (1/1)"/>
            <line number="97" hits="1" branch="false"/>
            <line number="98" hits="1" branch="false"/>
            <line number="102" hits="32" branch="true" condition-coverage="100% (1/1)"/>
            <line number="103" hits="6" branch="false"/>
            <line number="104" hits="6" branch="true" condition-coverage="100% (1/1)"/>
            <line number="105" hits="2" branch="false"/>
            <line number="106" hits="2" branch="false"/>
            <line number="110" hits="4" branch="false"/>
            <line number="111" hits="4" branch="true" condition-coverage="100% (1/1)"/>
            <line number="112" hits="4" branch="false"/>
            <line number="113" hits="4" branch="true" condition-coverage="100% (1/1)"/>
            <line number="114" hits="1" branch="false"/>
            <line number="115" hits="1" branch="false"/>
            <line number="121" hits="29" branch="true" condition-coverage="100% (3/3)"/>
            <line number="122" hits="1" branch="false"/>
            <line number="123" hits="1" branch="false"/>
            <line number="127" hits="28" branch="true" condition-coverage="100% (3/3)"/>
            <line number="128" hits="1" branch="false"/>
            <line number="129" hits="1" branch="false"/>
            <line number="133" hits="27" branch="false"/>
            <line number="134" hits="27" branch="true" condition-coverage="100% (1/1)"/>
            <line number="135" hits="1" branch="false"/>
            <line number="136" hits="1" branch="false"/>
            <line number="141" hits="26" branch="false"/>
            <line number="142" hits="26" branch="false"/>
            <line number="144" hits="4" branch="false"/>
            <line number="145" hits="4" branch="false"/>
            <line number="148" hits="22" branch="false"/>
            <line number="162" hits="22" branch="true" condition-coverage="100% (2/2)"/>
            <line number="163" hits="22" branch="true" condition-coverage="100% (2/2)"/>
            <line number="164" hits="22" branch="true" condition-coverage="100% (2/2)"/>
            <line number="166" hits="22" branch="false"/>
            <line number="167" hits="22" branch="false"/>
            <line number="168" hits="22" branch="false"/>
            <line number="170" hits="22" branch="true" condition-coverage="100% (1/1)"/>
            <line number="171" hits="1" branch="false"/>
            <line number="172" hits="1" branch="false"/>
            <line number="175" hits="21" branch="true" condition-coverage="0% (0/1)"/>
            <line number="176" hits="0" branch="false"/>
            <line number="177" hits="0" branch="false"/>
            <line number="180" hits="21" branch="true" condition-coverage="0% (0/1)"/>
            <line number="181" hits="0" branch="false"/>
            <line number="182" hits="0" branch="false"/>
            <line number="185" hits="21" branch="true" condition-coverage="100% (1/1)"/>
            <line number="186" hits="1" branch="false"/>
            <line number="187" hits="1" branch="false"/>
            <line number="190" hits="20" branch="true" condition-coverage="0% (0/1)"/>
            <line number="191" hits="0" branch="false"/>
            <line number="192" hits="0" branch="false"/>
            <line number="195" hits="20" branch="true" condition-coverage="0% (0/1)"/>
            <line number="196" hits="0" branch="false"/>
            <line number="197" hits="0" branch="false"/>
            <line number="200" hits="20" branch="true" condition-coverage="100% (1/1)"/>
            <line number="201" hits="1" branch="false"/>
            <line number="202" hits="1" branch="false"/>
            <line number="205" hits="19" branch="true" condition-coverage="0% (0/1)"/>
            <line number="206" hits="0" branch="false"/>
            <line number="207" hits="0" branch="false"/>
            <line number="210" hits="19" branch="true" condition-coverage="0% (0/1)"/>
            <line number="211" hits="0" branch="false"/>
            <line number="212" hits="0" branch="false"/>
            <line number="215" hits="19" branch="false"/>
            <line number="224" hits="19" branch="true" condition-coverage="100% (3/3)"/>
            <line number="225" hits="19" branch="false"/>
            <line number="226" hits="19" branch="true" condition-coverage="100% (2/2)"/>
            <line number="229" hits="19" branch="true" condition-coverage="66.66666666666666% (2/3)"/>
            <line number="230" hits="0" branch="false"/>
            <line number="231" hits="0" branch="false"/>
            <line number="234" hits="19" branch="false"/>
            <line number="235" hits="19" branch="false"/>
            <line number="236" hits="19" branch="false"/>
            <line number="237" hits="19" branch="false"/>
            <line number="238" hits="19" branch="false"/>
            <line number="239" hits="19" branch="false"/>
            <line number="241" hits="19" branch="false"/>
            <line number="257" hits="19" branch="true" condition-coverage="100% (5/5)"/>
            <line number="259" hits="1" branch="false"/>
            <line number="266" hits="19" branch="true" condition-coverage="100% (5/5)"/>
            <line number="268" hits="1" branch="false"/>
            <line number="275" hits="19" branch="true" condition-coverage="100% (3/3)"/>
            <line number="276" hits="1" branch="false"/>
            <line number="283" hits="19" branch="true" condition-coverage="100% (4/4)"/>
            <line number="284" hits="1" branch="false"/>
            <line number="291" hits="19" branch="true" condition-coverage="100% (1/1)"/>
            <line number="292" hits="1" branch="false"/>
            <line number="298" hits="19" branch="true" condition-coverage="100% (1/1)"/>
            <line number="299" hits="8" branch="false"/>
            <line number="306" hits="5" branch="false"/>
            <line number="307" hits="37" branch="false"/>
            <line number="308" hits="37" branch="true" condition-coverage="100% (1/1)"/>
            <line number="309" hits="15" branch="false"/>
            <line number="312" hits="22" branch="false"/>
            <line number="313" hits="22" branch="true" condition-coverage="100% (1/1)"/>
            <line number="314" hits="3" branch="false"/>
            <line number="317" hits="19" branch="false"/>
            <line number="318" hits="19" branch="true" condition-coverage="0% (0/1)"/>
            <line number="319" hits="0" branch="false"/>
            <line number="322" hits="19" branch="false"/>
            <line number="346" hits="19" branch="false"/>
            <line number="348" hits="19" branch="false"/>
            <line number="351" hits="5" branch="false"/>
            <line number="352" hits="9" branch="false"/>
            <line number="353" hits="9" branch="false"/>
            <line number="355" hits="2" branch="false"/>
          </lines>
        </class>
      </classes>
    </package>
    <package name="src.__tests__" line-rate="0" branch-rate="1">
      <classes>
        <class name="setup.ts" filename="src/__tests__/setup.ts" line-rate="0" branch-rate="1">
          <methods>
            <method name="(anonymous_0)" hits="0" signature="()V">
              <lines>
                <line number="4" hits="0"/>
              </lines>
            </method>
            <method name="(anonymous_1)" hits="0" signature="()V">
              <lines>
                <line number="33" hits="0"/>
              </lines>
            </method>
            <method name="(anonymous_2)" hits="0" signature="()V">
              <lines>
                <line number="40" hits="0"/>
              </lines>
            </method>
          </methods>
          <lines>
            <line number="4" hits="0" branch="false"/>
            <line number="23" hits="0" branch="false"/>
            <line number="24" hits="0" branch="false"/>
            <line number="25" hits="0" branch="false"/>
            <line number="26" hits="0" branch="false"/>
            <line number="29" hits="0" branch="false"/>
            <line number="32" hits="0" branch="false"/>
            <line number="33" hits="0" branch="false"/>
            <line number="34" hits="0" branch="false"/>
            <line number="35" hits="0" branch="false"/>
            <line number="36" hits="0" branch="false"/>
            <line number="37" hits="0" branch="false"/>
            <line number="40" hits="0" branch="false"/>
            <line number="41" hits="0" branch="false"/>
            <line number="42" hits="0" branch="false"/>
            <line number="43" hits="0" branch="false"/>
            <line number="44" hits="0" branch="false"/>
          </lines>
        </class>
      </classes>
    </package>
  </packages>
</coverage>
